[1.583s] Invoking command in '/home/student24/robotproject/ros_nd2/src/color_blob_vision': DEBUGINFOD_URLS=https://debuginfod.ubuntu.com PYTHONPATH=/home/student24/robotproject/ros_nd2/build/color_blob_vision/prefix_override:/usr/lib/python3/dist-packages/colcon_core/task/python/colcon_distutils_commands:/home/student24/robotproject/ros_nd2/install/color_blob_vision/lib/python3.12/site-packages:${PYTHONPATH} VIRTUAL_ENV_PROMPT=(env_robot) /usr/bin/python3 -W ignore:setup.py install is deprecated -W ignore:easy_install command is deprecated setup.py egg_info --egg-base ../../build/color_blob_vision build --build-base /home/student24/robotproject/ros_nd2/build/color_blob_vision/build install --record /home/student24/robotproject/ros_nd2/build/color_blob_vision/install.log --single-version-externally-managed install_data
[2.004s] running egg_info
[2.029s] writing ../../build/color_blob_vision/color_blob_vision.egg-info/PKG-INFO
[2.029s] writing dependency_links to ../../build/color_blob_vision/color_blob_vision.egg-info/dependency_links.txt
[2.030s] writing entry points to ../../build/color_blob_vision/color_blob_vision.egg-info/entry_points.txt
[2.030s] writing requirements to ../../build/color_blob_vision/color_blob_vision.egg-info/requires.txt
[2.030s] writing top-level names to ../../build/color_blob_vision/color_blob_vision.egg-info/top_level.txt
[2.080s] reading manifest file '../../build/color_blob_vision/color_blob_vision.egg-info/SOURCES.txt'
[2.081s] writing manifest file '../../build/color_blob_vision/color_blob_vision.egg-info/SOURCES.txt'
[2.081s] running build
[2.082s] running build_py
[2.082s] copying color_blob_vision/color_blob_detector.py -> /home/student24/robotproject/ros_nd2/build/color_blob_vision/build/lib/color_blob_vision
[2.082s] running install
[2.094s] running install_lib
[2.123s] copying /home/student24/robotproject/ros_nd2/build/color_blob_vision/build/lib/color_blob_vision/color_blob_detector.py -> /home/student24/robotproject/ros_nd2/install/color_blob_vision/lib/python3.12/site-packages/color_blob_vision
[2.124s] byte-compiling /home/student24/robotproject/ros_nd2/install/color_blob_vision/lib/python3.12/site-packages/color_blob_vision/color_blob_detector.py to color_blob_detector.cpython-312.pyc
[2.129s] running install_data
[2.130s] running install_egg_info
[2.167s] removing '/home/student24/robotproject/ros_nd2/install/color_blob_vision/lib/python3.12/site-packages/color_blob_vision-0.0.0-py3.12.egg-info' (and everything under it)
[2.167s] Copying ../../build/color_blob_vision/color_blob_vision.egg-info to /home/student24/robotproject/ros_nd2/install/color_blob_vision/lib/python3.12/site-packages/color_blob_vision-0.0.0-py3.12.egg-info
[2.169s] running install_scripts
[2.343s] Installing color_blob_detector script to /home/student24/robotproject/ros_nd2/install/color_blob_vision/lib/color_blob_vision
[2.344s] writing list of installed files to '/home/student24/robotproject/ros_nd2/build/color_blob_vision/install.log'
[2.386s] Invoked command in '/home/student24/robotproject/ros_nd2/src/color_blob_vision' returned '0': DEBUGINFOD_URLS=https://debuginfod.ubuntu.com PYTHONPATH=/home/student24/robotproject/ros_nd2/build/color_blob_vision/prefix_override:/usr/lib/python3/dist-packages/colcon_core/task/python/colcon_distutils_commands:/home/student24/robotproject/ros_nd2/install/color_blob_vision/lib/python3.12/site-packages:${PYTHONPATH} VIRTUAL_ENV_PROMPT=(env_robot) /usr/bin/python3 -W ignore:setup.py install is deprecated -W ignore:easy_install command is deprecated setup.py egg_info --egg-base ../../build/color_blob_vision build --build-base /home/student24/robotproject/ros_nd2/build/color_blob_vision/build install --record /home/student24/robotproject/ros_nd2/build/color_blob_vision/install.log --single-version-externally-managed install_data
