running egg_info
writing ../../build/color_blob_vision/color_blob_vision.egg-info/PKG-INFO
writing dependency_links to ../../build/color_blob_vision/color_blob_vision.egg-info/dependency_links.txt
writing entry points to ../../build/color_blob_vision/color_blob_vision.egg-info/entry_points.txt
writing requirements to ../../build/color_blob_vision/color_blob_vision.egg-info/requires.txt
writing top-level names to ../../build/color_blob_vision/color_blob_vision.egg-info/top_level.txt
reading manifest file '../../build/color_blob_vision/color_blob_vision.egg-info/SOURCES.txt'
writing manifest file '../../build/color_blob_vision/color_blob_vision.egg-info/SOURCES.txt'
running build
running build_py
copying color_blob_vision/blob_depth_to_3d.py -> /home/student24/robotproject/ros_nd2/build/color_blob_vision/build/lib/color_blob_vision
copying color_blob_vision/color_blob_detector.py -> /home/student24/robotproject/ros_nd2/build/color_blob_vision/build/lib/color_blob_vision
running install
running install_lib
copying /home/student24/robotproject/ros_nd2/build/color_blob_vision/build/lib/color_blob_vision/blob_depth_to_3d.py -> /home/student24/robotproject/ros_nd2/install/color_blob_vision/lib/python3.12/site-packages/color_blob_vision
copying /home/student24/robotproject/ros_nd2/build/color_blob_vision/build/lib/color_blob_vision/color_blob_detector.py -> /home/student24/robotproject/ros_nd2/install/color_blob_vision/lib/python3.12/site-packages/color_blob_vision
byte-compiling /home/student24/robotproject/ros_nd2/install/color_blob_vision/lib/python3.12/site-packages/color_blob_vision/blob_depth_to_3d.py to blob_depth_to_3d.cpython-312.pyc
byte-compiling /home/student24/robotproject/ros_nd2/install/color_blob_vision/lib/python3.12/site-packages/color_blob_vision/color_blob_detector.py to color_blob_detector.cpython-312.pyc
running install_data
running install_egg_info
removing '/home/student24/robotproject/ros_nd2/install/color_blob_vision/lib/python3.12/site-packages/color_blob_vision-0.0.0-py3.12.egg-info' (and everything under it)
Copying ../../build/color_blob_vision/color_blob_vision.egg-info to /home/student24/robotproject/ros_nd2/install/color_blob_vision/lib/python3.12/site-packages/color_blob_vision-0.0.0-py3.12.egg-info
running install_scripts
Installing blob_depth_to_3d script to /home/student24/robotproject/ros_nd2/install/color_blob_vision/lib/color_blob_vision
Installing color_blob_debug_image script to /home/student24/robotproject/ros_nd2/install/color_blob_vision/lib/color_blob_vision
Installing color_blob_detector script to /home/student24/robotproject/ros_nd2/install/color_blob_vision/lib/color_blob_vision
Installing color_blob_markers script to /home/student24/robotproject/ros_nd2/install/color_blob_vision/lib/color_blob_vision
Installing color_blob_summary script to /home/student24/robotproject/ros_nd2/install/color_blob_vision/lib/color_blob_vision
writing list of installed files to '/home/student24/robotproject/ros_nd2/build/color_blob_vision/install.log'
