running egg_info
creating ../../build/color_blob_vision/color_blob_vision.egg-info
writing ../../build/color_blob_vision/color_blob_vision.egg-info/PKG-INFO
writing dependency_links to ../../build/color_blob_vision/color_blob_vision.egg-info/dependency_links.txt
writing entry points to ../../build/color_blob_vision/color_blob_vision.egg-info/entry_points.txt
writing requirements to ../../build/color_blob_vision/color_blob_vision.egg-info/requires.txt
writing top-level names to ../../build/color_blob_vision/color_blob_vision.egg-info/top_level.txt
writing manifest file '../../build/color_blob_vision/color_blob_vision.egg-info/SOURCES.txt'
reading manifest file '../../build/color_blob_vision/color_blob_vision.egg-info/SOURCES.txt'
writing manifest file '../../build/color_blob_vision/color_blob_vision.egg-info/SOURCES.txt'
running build
running build_py
creating /home/student24/robotproject/ros_nd2/build/color_blob_vision/build
creating /home/student24/robotproject/ros_nd2/build/color_blob_vision/build/lib
creating /home/student24/robotproject/ros_nd2/build/color_blob_vision/build/lib/color_blob_vision
copying color_blob_vision/__init__.py -> /home/student24/robotproject/ros_nd2/build/color_blob_vision/build/lib/color_blob_vision
copying color_blob_vision/color_blob_detector.py -> /home/student24/robotproject/ros_nd2/build/color_blob_vision/build/lib/color_blob_vision
running install
running install_lib
creating /home/student24/robotproject/ros_nd2/install/color_blob_vision/lib/python3.12/site-packages/color_blob_vision
copying /home/student24/robotproject/ros_nd2/build/color_blob_vision/build/lib/color_blob_vision/__init__.py -> /home/student24/robotproject/ros_nd2/install/color_blob_vision/lib/python3.12/site-packages/color_blob_vision
copying /home/student24/robotproject/ros_nd2/build/color_blob_vision/build/lib/color_blob_vision/color_blob_detector.py -> /home/student24/robotproject/ros_nd2/install/color_blob_vision/lib/python3.12/site-packages/color_blob_vision
byte-compiling /home/student24/robotproject/ros_nd2/install/color_blob_vision/lib/python3.12/site-packages/color_blob_vision/__init__.py to __init__.cpython-312.pyc
byte-compiling /home/student24/robotproject/ros_nd2/install/color_blob_vision/lib/python3.12/site-packages/color_blob_vision/color_blob_detector.py to color_blob_detector.cpython-312.pyc
running install_data
creating /home/student24/robotproject/ros_nd2/install/color_blob_vision/share/ament_index
creating /home/student24/robotproject/ros_nd2/install/color_blob_vision/share/ament_index/resource_index
creating /home/student24/robotproject/ros_nd2/install/color_blob_vision/share/ament_index/resource_index/packages
copying resource/color_blob_vision -> /home/student24/robotproject/ros_nd2/install/color_blob_vision/share/ament_index/resource_index/packages
copying package.xml -> /home/student24/robotproject/ros_nd2/install/color_blob_vision/share/color_blob_vision
running install_egg_info
Copying ../../build/color_blob_vision/color_blob_vision.egg-info to /home/student24/robotproject/ros_nd2/install/color_blob_vision/lib/python3.12/site-packages/color_blob_vision-0.0.0-py3.12.egg-info
running install_scripts
Installing color_blob_detector script to /home/student24/robotproject/ros_nd2/install/color_blob_vision/lib/color_blob_vision
writing list of installed files to '/home/student24/robotproject/ros_nd2/build/color_blob_vision/install.log'
