[1.888s] Invoking command in '/home/student24/robotproject/ros_nd2/src/color_blob_vision': DEBUGINFOD_URLS=https://debuginfod.ubuntu.com PYTHONPATH=/home/student24/robotproject/ros_nd2/build/color_blob_vision/prefix_override:/usr/lib/python3/dist-packages/colcon_core/task/python/colcon_distutils_commands:/home/student24/robotproject/ros_nd2/install/color_blob_vision/lib/python3.12/site-packages:${PYTHONPATH} VIRTUAL_ENV_PROMPT=(env_robot) /usr/bin/python3 -W ignore:setup.py install is deprecated -W ignore:easy_install command is deprecated setup.py egg_info --egg-base ../../build/color_blob_vision build --build-base /home/student24/robotproject/ros_nd2/build/color_blob_vision/build install --record /home/student24/robotproject/ros_nd2/build/color_blob_vision/install.log --single-version-externally-managed install_data
[2.301s] running egg_info
[2.327s] writing ../../build/color_blob_vision/color_blob_vision.egg-info/PKG-INFO
[2.328s] writing dependency_links to ../../build/color_blob_vision/color_blob_vision.egg-info/dependency_links.txt
[2.328s] writing entry points to ../../build/color_blob_vision/color_blob_vision.egg-info/entry_points.txt
[2.328s] writing requirements to ../../build/color_blob_vision/color_blob_vision.egg-info/requires.txt
[2.328s] writing top-level names to ../../build/color_blob_vision/color_blob_vision.egg-info/top_level.txt
[2.389s] reading manifest file '../../build/color_blob_vision/color_blob_vision.egg-info/SOURCES.txt'
[2.390s] writing manifest file '../../build/color_blob_vision/color_blob_vision.egg-info/SOURCES.txt'
[2.390s] running build
[2.390s] running build_py
[2.391s] running install
[2.399s] running install_lib
[2.427s] running install_data
[2.427s] running install_egg_info
[2.460s] removing '/home/student24/robotproject/ros_nd2/install/color_blob_vision/lib/python3.12/site-packages/color_blob_vision-0.0.0-py3.12.egg-info' (and everything under it)
[2.460s] Copying ../../build/color_blob_vision/color_blob_vision.egg-info to /home/student24/robotproject/ros_nd2/install/color_blob_vision/lib/python3.12/site-packages/color_blob_vision-0.0.0-py3.12.egg-info
[2.462s] running install_scripts
[2.644s] Installing color_blob_detector script to /home/student24/robotproject/ros_nd2/install/color_blob_vision/lib/color_blob_vision
[2.646s] writing list of installed files to '/home/student24/robotproject/ros_nd2/build/color_blob_vision/install.log'
[2.695s] Invoked command in '/home/student24/robotproject/ros_nd2/src/color_blob_vision' returned '0': DEBUGINFOD_URLS=https://debuginfod.ubuntu.com PYTHONPATH=/home/student24/robotproject/ros_nd2/build/color_blob_vision/prefix_override:/usr/lib/python3/dist-packages/colcon_core/task/python/colcon_distutils_commands:/home/student24/robotproject/ros_nd2/install/color_blob_vision/lib/python3.12/site-packages:${PYTHONPATH} VIRTUAL_ENV_PROMPT=(env_robot) /usr/bin/python3 -W ignore:setup.py install is deprecated -W ignore:easy_install command is deprecated setup.py egg_info --egg-base ../../build/color_blob_vision build --build-base /home/student24/robotproject/ros_nd2/build/color_blob_vision/build install --record /home/student24/robotproject/ros_nd2/build/color_blob_vision/install.log --single-version-externally-managed install_data
