[0.855s] Invoking command in '/home/student24/robotproject/ros_nd2/build/color_blob_vision': DEBUGINFOD_URLS=https://debuginfod.ubuntu.com PYTHONPATH=/home/student24/robotproject/ros_nd2/build/color_blob_vision/prefix_override:/usr/lib/python3/dist-packages/colcon_core/task/python/colcon_distutils_commands:/home/student24/robotproject/ros_nd2/install/color_blob_vision/lib/python3.12/site-packages:${PYTHONPATH} VIRTUAL_ENV_PROMPT=(env_robot) /usr/bin/python3 -W ignore:setup.py install is deprecated -W ignore:easy_install command is deprecated setup.py develop --editable --build-directory /home/student24/robotproject/ros_nd2/build/color_blob_vision/build --no-deps symlink_data
[1.168s] running develop
[1.313s] running egg_info
[1.327s] writing color_blob_vision.egg-info/PKG-INFO
[1.327s] writing dependency_links to color_blob_vision.egg-info/dependency_links.txt
[1.328s] writing entry points to color_blob_vision.egg-info/entry_points.txt
[1.328s] writing requirements to color_blob_vision.egg-info/requires.txt
[1.328s] writing top-level names to color_blob_vision.egg-info/top_level.txt
[1.365s] reading manifest file 'color_blob_vision.egg-info/SOURCES.txt'
[1.366s] writing manifest file 'color_blob_vision.egg-info/SOURCES.txt'
[1.382s] running build_ext
[1.382s] Creating /home/student24/robotproject/ros_nd2/install/color_blob_vision/lib/python3.12/site-packages/color-blob-vision.egg-link (link to .)
[1.383s] Installing blob_depth_to_3d script to /home/student24/robotproject/ros_nd2/install/color_blob_vision/lib/color_blob_vision
[1.383s] Installing color_blob_debug_image script to /home/student24/robotproject/ros_nd2/install/color_blob_vision/lib/color_blob_vision
[1.383s] Installing color_blob_detector script to /home/student24/robotproject/ros_nd2/install/color_blob_vision/lib/color_blob_vision
[1.384s] Installing color_blob_markers script to /home/student24/robotproject/ros_nd2/install/color_blob_vision/lib/color_blob_vision
[1.384s] Installing color_blob_summary script to /home/student24/robotproject/ros_nd2/install/color_blob_vision/lib/color_blob_vision
[1.384s] 
[1.384s] Installed /home/student24/robotproject/ros_nd2/build/color_blob_vision
[1.384s] running symlink_data
[1.420s] Invoked command in '/home/student24/robotproject/ros_nd2/build/color_blob_vision' returned '0': DEBUGINFOD_URLS=https://debuginfod.ubuntu.com PYTHONPATH=/home/student24/robotproject/ros_nd2/build/color_blob_vision/prefix_override:/usr/lib/python3/dist-packages/colcon_core/task/python/colcon_distutils_commands:/home/student24/robotproject/ros_nd2/install/color_blob_vision/lib/python3.12/site-packages:${PYTHONPATH} VIRTUAL_ENV_PROMPT=(env_robot) /usr/bin/python3 -W ignore:setup.py install is deprecated -W ignore:easy_install command is deprecated setup.py develop --editable --build-directory /home/student24/robotproject/ros_nd2/build/color_blob_vision/build --no-deps symlink_data
