[1.220s] Invoking command in '/home/student24/robotproject/ros_nd2/src/color_blob_vision': DEBUGINFOD_URLS=https://debuginfod.ubuntu.com PYTHONPATH=/home/student24/robotproject/ros_nd2/build/color_blob_vision/prefix_override:/usr/lib/python3/dist-packages/colcon_core/task/python/colcon_distutils_commands:/home/student24/robotproject/ros_nd2/install/color_blob_vision/lib/python3.12/site-packages:${PYTHONPATH} VIRTUAL_ENV_PROMPT=(env_robot) /usr/bin/python3 -W ignore:setup.py install is deprecated -W ignore:easy_install command is deprecated setup.py egg_info --egg-base ../../build/color_blob_vision build --build-base /home/student24/robotproject/ros_nd2/build/color_blob_vision/build install --record /home/student24/robotproject/ros_nd2/build/color_blob_vision/install.log --single-version-externally-managed install_data
[1.662s] running egg_info
[1.690s] writing ../../build/color_blob_vision/color_blob_vision.egg-info/PKG-INFO
[1.691s] writing dependency_links to ../../build/color_blob_vision/color_blob_vision.egg-info/dependency_links.txt
[1.691s] writing entry points to ../../build/color_blob_vision/color_blob_vision.egg-info/entry_points.txt
[1.691s] writing requirements to ../../build/color_blob_vision/color_blob_vision.egg-info/requires.txt
[1.691s] writing top-level names to ../../build/color_blob_vision/color_blob_vision.egg-info/top_level.txt
[1.747s] reading manifest file '../../build/color_blob_vision/color_blob_vision.egg-info/SOURCES.txt'
[1.749s] writing manifest file '../../build/color_blob_vision/color_blob_vision.egg-info/SOURCES.txt'
[1.749s] running build
[1.749s] running build_py
[1.750s] running install
[1.761s] running install_lib
[1.791s] running install_data
[1.791s] running install_egg_info
[1.819s] removing '/home/student24/robotproject/ros_nd2/install/color_blob_vision/lib/python3.12/site-packages/color_blob_vision-0.0.0-py3.12.egg-info' (and everything under it)
[1.820s] Copying ../../build/color_blob_vision/color_blob_vision.egg-info to /home/student24/robotproject/ros_nd2/install/color_blob_vision/lib/python3.12/site-packages/color_blob_vision-0.0.0-py3.12.egg-info
[1.821s] running install_scripts
[2.006s] Installing blob_depth_to_3d script to /home/student24/robotproject/ros_nd2/install/color_blob_vision/lib/color_blob_vision
[2.006s] Installing blob_depth_to_3d_raw script to /home/student24/robotproject/ros_nd2/install/color_blob_vision/lib/color_blob_vision
[2.006s] Installing color_blob_debug_image script to /home/student24/robotproject/ros_nd2/install/color_blob_vision/lib/color_blob_vision
[2.006s] Installing color_blob_detector script to /home/student24/robotproject/ros_nd2/install/color_blob_vision/lib/color_blob_vision
[2.006s] Installing color_blob_markers script to /home/student24/robotproject/ros_nd2/install/color_blob_vision/lib/color_blob_vision
[2.006s] Installing color_blob_summary script to /home/student24/robotproject/ros_nd2/install/color_blob_vision/lib/color_blob_vision
[2.007s] writing list of installed files to '/home/student24/robotproject/ros_nd2/build/color_blob_vision/install.log'
[2.065s] Invoked command in '/home/student24/robotproject/ros_nd2/src/color_blob_vision' returned '0': DEBUGINFOD_URLS=https://debuginfod.ubuntu.com PYTHONPATH=/home/student24/robotproject/ros_nd2/build/color_blob_vision/prefix_override:/usr/lib/python3/dist-packages/colcon_core/task/python/colcon_distutils_commands:/home/student24/robotproject/ros_nd2/install/color_blob_vision/lib/python3.12/site-packages:${PYTHONPATH} VIRTUAL_ENV_PROMPT=(env_robot) /usr/bin/python3 -W ignore:setup.py install is deprecated -W ignore:easy_install command is deprecated setup.py egg_info --egg-base ../../build/color_blob_vision build --build-base /home/student24/robotproject/ros_nd2/build/color_blob_vision/build install --record /home/student24/robotproject/ros_nd2/build/color_blob_vision/install.log --single-version-externally-managed install_data
