/home/student24/robotproject/ros_nd2/install/color_blob_vision/lib/python3.12/site-packages/color_blob_vision/__init__.py
/home/student24/robotproject/ros_nd2/install/color_blob_vision/lib/python3.12/site-packages/color_blob_vision/blob_depth_to_3d.py
/home/student24/robotproject/ros_nd2/install/color_blob_vision/lib/python3.12/site-packages/color_blob_vision/color_blob_markers.py
/home/student24/robotproject/ros_nd2/install/color_blob_vision/lib/python3.12/site-packages/color_blob_vision/color_blob_summary.py
/home/student24/robotproject/ros_nd2/install/color_blob_vision/lib/python3.12/site-packages/color_blob_vision/color_blob_debug_image.py
/home/student24/robotproject/ros_nd2/install/color_blob_vision/lib/python3.12/site-packages/color_blob_vision/blob_depth_to_3d_smoothed.py
/home/student24/robotproject/ros_nd2/install/color_blob_vision/lib/python3.12/site-packages/color_blob_vision/color_blob_detector.py
/home/student24/robotproject/ros_nd2/install/color_blob_vision/lib/python3.12/site-packages/color_blob_vision/__pycache__/__init__.cpython-312.pyc
/home/student24/robotproject/ros_nd2/install/color_blob_vision/lib/python3.12/site-packages/color_blob_vision/__pycache__/blob_depth_to_3d.cpython-312.pyc
/home/student24/robotproject/ros_nd2/install/color_blob_vision/lib/python3.12/site-packages/color_blob_vision/__pycache__/color_blob_markers.cpython-312.pyc
/home/student24/robotproject/ros_nd2/install/color_blob_vision/lib/python3.12/site-packages/color_blob_vision/__pycache__/color_blob_summary.cpython-312.pyc
/home/student24/robotproject/ros_nd2/install/color_blob_vision/lib/python3.12/site-packages/color_blob_vision/__pycache__/color_blob_debug_image.cpython-312.pyc
/home/student24/robotproject/ros_nd2/install/color_blob_vision/lib/python3.12/site-packages/color_blob_vision/__pycache__/blob_depth_to_3d_smoothed.cpython-312.pyc
/home/student24/robotproject/ros_nd2/install/color_blob_vision/lib/python3.12/site-packages/color_blob_vision/__pycache__/color_blob_detector.cpython-312.pyc
/home/student24/robotproject/ros_nd2/install/color_blob_vision/share/ament_index/resource_index/packages/color_blob_vision
/home/student24/robotproject/ros_nd2/install/color_blob_vision/share/color_blob_vision/package.xml
/home/student24/robotproject/ros_nd2/install/color_blob_vision/share/color_blob_vision/launch/find_white_bin.launch.py
/home/student24/robotproject/ros_nd2/install/color_blob_vision/share/color_blob_vision/launch/pick_and_place_blocks.launch.py
/home/student24/robotproject/ros_nd2/install/color_blob_vision/lib/python3.12/site-packages/color_blob_vision-0.0.0-py3.12.egg-info/top_level.txt
/home/student24/robotproject/ros_nd2/install/color_blob_vision/lib/python3.12/site-packages/color_blob_vision-0.0.0-py3.12.egg-info/zip-safe
/home/student24/robotproject/ros_nd2/install/color_blob_vision/lib/python3.12/site-packages/color_blob_vision-0.0.0-py3.12.egg-info/requires.txt
/home/student24/robotproject/ros_nd2/install/color_blob_vision/lib/python3.12/site-packages/color_blob_vision-0.0.0-py3.12.egg-info/SOURCES.txt
/home/student24/robotproject/ros_nd2/install/color_blob_vision/lib/python3.12/site-packages/color_blob_vision-0.0.0-py3.12.egg-info/dependency_links.txt
/home/student24/robotproject/ros_nd2/install/color_blob_vision/lib/python3.12/site-packages/color_blob_vision-0.0.0-py3.12.egg-info/PKG-INFO
/home/student24/robotproject/ros_nd2/install/color_blob_vision/lib/python3.12/site-packages/color_blob_vision-0.0.0-py3.12.egg-info/entry_points.txt
/home/student24/robotproject/ros_nd2/install/color_blob_vision/lib/color_blob_vision/blob_depth_to_3d
/home/student24/robotproject/ros_nd2/install/color_blob_vision/lib/color_blob_vision/blob_depth_to_3d_raw
/home/student24/robotproject/ros_nd2/install/color_blob_vision/lib/color_blob_vision/color_blob_debug_image
/home/student24/robotproject/ros_nd2/install/color_blob_vision/lib/color_blob_vision/color_blob_detector
/home/student24/robotproject/ros_nd2/install/color_blob_vision/lib/color_blob_vision/color_blob_markers
/home/student24/robotproject/ros_nd2/install/color_blob_vision/lib/color_blob_vision/color_blob_summary
